<?xml version="1.0" encoding="UTF-8"?>
<!-- Generated by org.testng.reporters.JUnitReportReporter -->
<testsuite hostname="DESKTOP-IL1GD0V" failures="0" tests="1" name="JAVA.Automation_Framework.TestNG_Test" time="0.032" errors="0" timestamp="2023-10-07T13:46:13 IST" skipped="0">
  <testcase classname="JAVA.Automation_Framework.TestNG_Test" name="test" time="0.032"/>
  <system-out/>
</testsuite> <!-- JAVA.Automation_Framework.TestNG_Test -->
