<?xml version="1.0" encoding="UTF-8"?>
<!-- Generated by org.testng.reporters.JUnitReportReporter -->
<testsuite hostname="BHAVNAWKS506" failures="0" tests="1" name="mortgageCreditLink.CloudQA_EndToEnd.StandaloneTest2" time="36.689" errors="0" timestamp="2024-08-26T18:26:28 IST" skipped="0">
  <testcase classname="mortgageCreditLink.CloudQA_EndToEnd.StandaloneTest2" name="Standalone" time="36.689"/>
  <system-out/>
</testsuite> <!-- mortgageCreditLink.CloudQA_EndToEnd.StandaloneTest2 -->
