<?xml version="1.0" encoding="UTF-8"?>
<!-- Generated by org.testng.reporters.JUnitReportReporter -->
<testsuite hostname="BHAVNAWKS506" failures="0" tests="2" name="mortgageCreditLink.CloudQA_EndToEnd.ErrorValidation" time="30.564" errors="0" timestamp="2024-09-04T17:41:55 IST" skipped="1">
  <testcase classname="mortgageCreditLink.CloudQA_EndToEnd.ErrorValidation" name="LoginErrorValidation" time="9.804"/>
  <system-out/>
  <testcase classname="mortgageCreditLink.CloudQA_EndToEnd.ErrorValidation" name="LoginErrorValidation" time="20.760">
    <skipped/>
  </testcase> <!-- LoginErrorValidation -->
  <system-out/>
</testsuite> <!-- mortgageCreditLink.CloudQA_EndToEnd.ErrorValidation -->
