<?xml version="1.0" encoding="UTF-8"?>
<!-- Generated by org.testng.reporters.JUnitReportReporter -->
<testsuite hostname="BHAVNAWKS506" failures="0" tests="3" name="mortgageCreditLink.CloudQA_EndToEnd.SubmitOrder" time="56.985" errors="0" timestamp="2024-09-05T00:00:19 IST" skipped="0">
  <testcase classname="mortgageCreditLink.CloudQA_EndToEnd.SubmitOrder" name="SubmitOrderTest" time="17.716"/>
  <system-out/>
  <testcase classname="mortgageCreditLink.CloudQA_EndToEnd.SubmitOrder" name="OrderHistoryTest" time="15.635"/>
  <system-out/>
  <testcase classname="mortgageCreditLink.CloudQA_EndToEnd.SubmitOrder" name="SubmitOrderTest" time="23.634"/>
  <system-out/>
</testsuite> <!-- mortgageCreditLink.CloudQA_EndToEnd.SubmitOrder -->
