<?xml version="1.0" encoding="UTF-8"?>
<!-- Generated by org.testng.reporters.JUnitReportReporter -->
<testsuite hostname="BHAVNAWKS506" failures="0" tests="2" name="mortgageCreditLink.CloudQA_EndToEnd.ErrorValidation" time="36.625" errors="0" timestamp="2024-09-05T00:00:19 IST" skipped="0">
  <testcase classname="mortgageCreditLink.CloudQA_EndToEnd.ErrorValidation" name="ProductErrorValidation" time="29.813"/>
  <system-out/>
  <testcase classname="mortgageCreditLink.CloudQA_EndToEnd.ErrorValidation" name="LoginErrorValidation" time="6.812"/>
  <system-out/>
</testsuite> <!-- mortgageCreditLink.CloudQA_EndToEnd.ErrorValidation -->
